Starting Dynare (version 4.5.1).
Starting preprocessing of the model file ...
Found 15 equation(s).
Evaluating expressions...done
Computing static model derivatives:
 - order 1
Computing dynamic model derivatives:
 - order 1
 - order 2
Processing outputs ...
done
Preprocessing completed.

STEADY-STATE RESULTS:

log_z 		 0
a     		 1
k     		 3.56229
c     		 0.938158
r     		 -3.34953
w     		 0.863142
z     		 1
y     		 1.23441
inv   		 0.881093
phi   		 1
s     		 0
u_c   		 -0.938158
h     		 -0.0750156
q     		 1
log_q 		 0

EIGENVALUES:
         Modulus             Real        Imaginary

             0.9              0.9                0
            0.95             0.95                0
          0.9575           0.9575                0
           1.055            1.055                0
       5.345e+16       -5.345e+16                0
             Inf              Inf                0
             Inf              Inf                0


There are 4 eigenvalue(s) larger than 1 in modulus 
for 4 forward-looking variable(s)

The rank condition is verified.


MODEL SUMMARY

  Number of variables:         15
  Number of stochastic shocks: 2
  Number of state variables:   3
  Number of jumpers:           4
  Number of static variables:  8


MATRIX OF COVARIANCE OF EXOGENOUS SHOCKS
Variables         e_z       e_q
e_z          1.000000  0.000000
e_q          0.000000  1.000000

POLICY AND TRANSITION FUNCTIONS
                               log_z               a               k               c               r               w               z               y             inv             phi               s             u_c               h               q           log_q
Constant                           0        1.000000        3.562288        0.938158       -3.349525        0.863142        1.000000        1.234414        0.881093        1.000000               0       -0.938158       -0.075016        1.000000               0
log_z(-1)                   0.950000        0.950000        0.095230        0.346215        1.234134        0.790174        0.950000        1.234134        3.356261               0               0       -0.346215        0.443960               0               0
k(-1)                              0               0        0.957516        0.583706       -0.745273        0.419216               0        0.254727       -0.616192               0               0       -0.583706       -0.164489               0               0
log_q(-1)                          0               0       -0.101021        0.663262       -0.312123        0.175569               0       -0.312123       -3.560366               0               0       -0.663262       -0.487693        0.900000        0.900000
e_z                         0.007000        0.007000        0.000702        0.002551        0.009094        0.005822        0.007000        0.009094        0.024730               0               0       -0.002551        0.003271               0               0
e_q                                0               0       -0.002245        0.014739       -0.006936        0.003902               0       -0.006936       -0.079119               0               0       -0.014739       -0.010838        0.020000        0.020000


MOMENTS OF SIMULATED VARIABLES
VARIABLE              MEAN       STD. DEV.        VARIANCE        SKEWNESS        KURTOSIS
log_z            -0.000094        0.021872        0.000478        0.110640        0.246290
a                 0.999906        0.021872        0.000478        0.110640        0.246290
k                 3.559049        0.072751        0.005293       -0.095432        0.218897
c                 0.937084        0.044466        0.001977        0.006594        0.176853
r                -3.347635        0.046664        0.002178        0.059585       -0.066820
w                 0.861932        0.038727        0.001500        0.024060        0.508298
z                 0.999906        0.021872        0.000478        0.110640        0.246290
y                 1.233067        0.045091        0.002033       -0.018122        0.368396
inv               0.878195        0.174327        0.030390        0.102263       -0.007444
phi               1.000000        0.000000        0.000000      -30.151134      906.090909
s                -0.000000        0.000000        0.000000       -0.004426        0.037318
u_c              -0.937084        0.044466        0.001977       -0.006594        0.176853
h                -0.075152        0.022482        0.000505        0.118662       -0.076392
q                 1.001153        0.044598        0.001989       -0.153521        0.154050
log_q             0.001153        0.044598        0.001989       -0.153521        0.154050


CORRELATION OF SIMULATED VARIABLES
VARIABLE     log_z       a       k       c       r       w       z       y     inv     phi       s     u_c       h       q   log_q
log_z       1.0000  1.0000  0.3751  0.5062  0.1991  0.7475  1.0000  0.7849  0.3724 -0.0392 -0.4511 -0.5062  0.2864 -0.0211 -0.0211
a           1.0000  1.0000  0.3751  0.5062  0.1991  0.7475  1.0000  0.7849  0.3724 -0.0392 -0.4511 -0.5062  0.2864 -0.0211 -0.0211
k           0.3751  0.3751  1.0000  0.6643 -0.7715  0.8539  0.3751  0.8117  0.3971 -0.0546  0.6109 -0.6643  0.1571 -0.4816 -0.4816
c           0.5062  0.5062  0.6643  1.0000 -0.6139  0.8628  0.5062  0.4959 -0.2841  0.0165  0.1228 -1.0000 -0.4916  0.3243  0.3243
r           0.1991  0.1991 -0.7715 -0.6139  1.0000 -0.5021  0.1991 -0.2571  0.1365  0.0015 -0.8172  0.6139  0.3492  0.1558  0.1558
w           0.7475  0.7475  0.8539  0.8628 -0.5021  1.0000  0.7475  0.8669  0.2362 -0.0357  0.1558 -0.8628  0.0161 -0.1243 -0.1243
z           1.0000  1.0000  0.3751  0.5062  0.1991  0.7475  1.0000  0.7849  0.3724 -0.0392 -0.4511 -0.5062  0.2864 -0.0211 -0.0211
y           0.7849  0.7849  0.8117  0.4959 -0.2571  0.8669  0.7849  1.0000  0.6858 -0.0775  0.1465 -0.4959  0.5124 -0.5333 -0.5333
inv         0.3724  0.3724  0.3971 -0.2841  0.1365  0.2362  0.3724  0.6858  1.0000 -0.1010  0.1671  0.2841  0.9687 -0.9107 -0.9107
phi        -0.0392 -0.0392 -0.0546  0.0165  0.0015 -0.0357 -0.0392 -0.0775 -0.1010  1.0000 -0.0323 -0.0165 -0.0940  0.0951  0.0951
s          -0.4511 -0.4511  0.6109  0.1228 -0.8172  0.1558 -0.4511  0.1465  0.1671 -0.0323  1.0000 -0.1228  0.0254 -0.5189 -0.5189
u_c        -0.5062 -0.5062 -0.6643 -1.0000  0.6139 -0.8628 -0.5062 -0.4959  0.2841 -0.0165 -0.1228  1.0000  0.4916 -0.3243 -0.3243
h           0.2864  0.2864  0.1571 -0.4916  0.3492  0.0161  0.2864  0.5124  0.9687 -0.0940  0.0254  0.4916  1.0000 -0.8554 -0.8554
q          -0.0211 -0.0211 -0.4816  0.3243  0.1558 -0.1243 -0.0211 -0.5333 -0.9107  0.0951 -0.5189 -0.3243 -0.8554  1.0000  1.0000
log_q      -0.0211 -0.0211 -0.4816  0.3243  0.1558 -0.1243 -0.0211 -0.5333 -0.9107  0.0951 -0.5189 -0.3243 -0.8554  1.0000  1.0000


AUTOCORRELATION OF SIMULATED VARIABLES
VARIABLE         1       2       3       4       5
log_z       0.9472  0.8959  0.8491  0.8038  0.7608
a           0.9472  0.8959  0.8491  0.8038  0.7608
k           0.9979  0.9923  0.9836  0.9723  0.9587
c           0.9359  0.8774  0.8252  0.7769  0.7325
r           0.9647  0.9293  0.8956  0.8620  0.8287
w           0.9807  0.9604  0.9398  0.9183  0.8965
z           0.9472  0.8959  0.8491  0.8038  0.7608
y           0.9684  0.9373  0.9080  0.8790  0.8504
inv         0.8843  0.7813  0.6925  0.6132  0.5417
phi         0.3640  0.0910  0.0000  0.0000  0.0000
s           0.9591  0.9182  0.8791  0.8398  0.8014
u_c         0.9359  0.8774  0.8252  0.7769  0.7325
h           0.8683  0.7516  0.6514  0.5625  0.4829
q           0.8967  0.8040  0.7230  0.6499  0.5838
log_q       0.8967  0.8040  0.7230  0.6499  0.5838



VARIANCE DECOMPOSITION SIMULATING ONE SHOCK AT A TIME (in percent)
                      e_z               e_q  Tot. lin. contr.
log_z              100.01              0.00            100.01
a                  100.01              0.00            100.01
k                   22.46             73.03             95.49
c                   34.23             61.25             95.48
r                   23.87             76.85            100.71
w                   58.76             35.30             94.07
z                  100.01              0.00            100.01
y                   59.44             36.08             95.53
inv                 14.12             85.15             99.27
phi                  0.00             90.83             90.83
s                   35.22             68.73            103.95
u_c                 34.23             61.25             95.48
h                   12.15             87.63             99.77
q                    0.00            100.01            100.01
log_q                0.00            100.01            100.01
Note: numbers do not add up to 100 due to non-zero correlation of simulated shocks in small samples


MODEL SUMMARY

  Number of variables:         15
  Number of stochastic shocks: 2
  Number of state variables:   3
  Number of jumpers:           4
  Number of static variables:  8


MATRIX OF COVARIANCE OF EXOGENOUS SHOCKS
Variables         e_z       e_q
e_z          1.000000  0.000000
e_q          0.000000  1.000000

POLICY AND TRANSITION FUNCTIONS
                               log_z               a               k               c               r               w               z               y             inv             phi               s             u_c               h               q           log_q
Constant                           0        1.000000        3.562273        0.938279       -3.349583        0.863174        1.000000        1.234356        0.880586        1.000000               0       -0.938279       -0.075105        1.000000               0
(correction)                       0               0       -0.000014        0.000122       -0.000057        0.000032               0       -0.000057       -0.000507               0               0       -0.000122       -0.000089               0               0
log_z(-1)                   0.950000        0.950000        0.095230        0.346215        1.234134        0.790174        0.950000        1.234134        3.356261               0               0       -0.346215        0.443960               0               0
k(-1)                              0               0        0.957516        0.583706       -0.745273        0.419216               0        0.254727       -0.616192               0               0       -0.583706       -0.164489               0               0
log_q(-1)                          0               0       -0.101021        0.663262       -0.312123        0.175569               0       -0.312123       -3.560366               0               0       -0.663262       -0.487693        0.900000        0.900000
e_z                         0.007000        0.007000        0.000702        0.002551        0.009094        0.005822        0.007000        0.009094        0.024730               0               0       -0.002551        0.003271               0               0
e_q                                0               0       -0.002245        0.014739       -0.006936        0.003902               0       -0.006936       -0.079119               0               0       -0.014739       -0.010838        0.020000        0.020000
log_z(-1),log_z(-1)                0        0.451250        0.057298        0.068211       -0.032099        0.018056        0.451250       -0.032099        2.179193               0               0       -0.068211       -0.050155               0               0
k(-1),log_z(-1)                    0               0       -0.063373       -0.099770        0.046951       -0.026410               0        0.046951        0.980169               0               0        0.099770        0.073360               0               0
k(-1),k(-1)                        0               0        0.016868        0.025555       -0.012026        0.006765               0       -0.012026       -0.430448               0               0       -0.025555       -0.018791               0               0
log_q(-1),log_z(-1)                0               0       -0.115752       -0.122833        0.057804       -0.032515               0        0.057804       -4.418591               0               0        0.122833        0.090319               0               0
log_q(-1),k(-1)                    0               0        0.066158        0.088569       -0.041679        0.023445               0       -0.041679       -1.077454               0               0       -0.088569       -0.065124               0               0
log_q(-1),log_q(-1)                0               0        0.057789        0.056631       -0.026650        0.014991               0       -0.026650        2.216534               0               0       -0.056631       -0.041641        0.405000               0
e_z,e_z                            0        0.000025        0.000003        0.000004       -0.000002               0        0.000025       -0.000002        0.000118               0               0       -0.000004       -0.000003               0               0
e_q,e_z                            0               0       -0.000019       -0.000020        0.000009       -0.000005               0        0.000009       -0.000724               0               0        0.000020        0.000015               0               0
e_q,e_q                            0               0        0.000029        0.000028       -0.000013        0.000007               0       -0.000013        0.001095               0               0       -0.000028       -0.000021        0.000200               0
log_z(-1),e_z                      0        0.006650        0.000844        0.001005       -0.000473        0.000266        0.006650       -0.000473        0.032114               0               0       -0.001005       -0.000739               0               0
log_z(-1),e_q                      0               0       -0.002572       -0.002730        0.001285       -0.000723               0        0.001285       -0.098191               0               0        0.002730        0.002007               0               0
k(-1),e_z                          0               0       -0.000467       -0.000735        0.000346       -0.000195               0        0.000346        0.007222               0               0        0.000735        0.000541               0               0
k(-1),e_q                          0               0        0.001470        0.001968       -0.000926        0.000521               0       -0.000926       -0.023943               0               0       -0.001968       -0.001447               0               0
log_q(-1),e_z                      0               0       -0.000853       -0.000905        0.000426       -0.000240               0        0.000426       -0.032558               0               0        0.000905        0.000666               0               0
log_q(-1),e_q                      0               0        0.002568        0.002517       -0.001184        0.000666               0       -0.001184        0.098513               0               0       -0.002517       -0.001851        0.018000               0


MOMENTS OF SIMULATED VARIABLES
VARIABLE              MEAN       STD. DEV.        VARIANCE        SKEWNESS        KURTOSIS
log_z            -0.000094        0.021872        0.000478        0.110640        0.246290
a                 1.000145        0.021900        0.000480        0.183967        0.286166
k                 3.561627        0.072852        0.005307       -0.100825        0.221184
c                 0.938826        0.044479        0.001978        0.020662        0.171119
r                -3.349667        0.046769        0.002187        0.052392       -0.067392
w                 0.863075        0.038738        0.001501        0.019834        0.507111
z                 1.000145        0.021900        0.000480        0.183967        0.286166
y                 1.233612        0.045094        0.002033       -0.015685        0.367358
inv               0.882789        0.174940        0.030604        0.361673        0.203184
phi               1.000000        0.000000        0.000000      -31.622777      997.000000
s                -0.000000        0.000000        0.000000       -0.005307        0.029630
u_c              -0.938826        0.044479        0.001978       -0.020662        0.171119
h                -0.075751        0.022478        0.000505        0.086845       -0.087006
q                 1.002148        0.044521        0.001982       -0.011317        0.106159
log_q             0.001153        0.044598        0.001989       -0.153521        0.154050


CORRELATION OF SIMULATED VARIABLES
VARIABLE     log_z       a       k       c       r       w       z       y     inv     phi       s     u_c       h       q   log_q
log_z       1.0000  0.9999  0.3735  0.5051  0.1999  0.7465  0.9999  0.7844  0.3682 -0.0446 -0.4511 -0.5051  0.2871 -0.0220 -0.0211
a           0.9999  1.0000  0.3735  0.5054  0.1996  0.7465  1.0000  0.7841  0.3678 -0.0453 -0.4512 -0.5054  0.2865 -0.0215 -0.0206
k           0.3735  0.3735  1.0000  0.6649 -0.7722  0.8540  0.3735  0.8113  0.3931 -0.0566  0.6123 -0.6649  0.1560 -0.4830 -0.4822
c           0.5051  0.5054  0.6649  1.0000 -0.6146  0.8629  0.5054  0.4963 -0.2868  0.0088  0.1251 -1.0000 -0.4916  0.3215  0.3229
r           0.1999  0.1996 -0.7722 -0.6146  1.0000 -0.5028  0.1996 -0.2576  0.1370  0.0028 -0.8181  0.6146  0.3496  0.1576  0.1569
w           0.7465  0.7465  0.8540  0.8629 -0.5028  1.0000  0.7465  0.8669  0.2318 -0.0413  0.1575 -0.8629  0.0158 -0.1265 -0.1252
z           0.9999  1.0000  0.3735  0.5054  0.1996  0.7465  1.0000  0.7841  0.3678 -0.0453 -0.4512 -0.5054  0.2865 -0.0215 -0.0206
y           0.7844  0.7841  0.8113  0.4963 -0.2576  0.8669  0.7841  1.0000  0.6811 -0.0796  0.1473 -0.4963  0.5121 -0.5343 -0.5336
inv         0.3682  0.3678  0.3931 -0.2868  0.1370  0.2318  0.3678  0.6811  1.0000 -0.1098  0.1669  0.2868  0.9669 -0.9070 -0.9092
phi        -0.0446 -0.0453 -0.0566  0.0088  0.0028 -0.0413 -0.0453 -0.0796 -0.1098  1.0000 -0.0282 -0.0088 -0.0886  0.0844  0.0891
s          -0.4511 -0.4512  0.6123  0.1251 -0.8181  0.1575 -0.4512  0.1473  0.1669 -0.0282  1.0000 -0.1251  0.0240 -0.5189 -0.5190
u_c        -0.5051 -0.5054 -0.6649 -1.0000  0.6146 -0.8629 -0.5054 -0.4963  0.2868 -0.0088 -0.1251  1.0000  0.4916 -0.3215 -0.3229
h           0.2871  0.2865  0.1560 -0.4916  0.3496  0.0158  0.2865  0.5121  0.9669 -0.0886  0.0240  0.4916  1.0000 -0.8540 -0.8547
q          -0.0220 -0.0215 -0.4830  0.3215  0.1576 -0.1265 -0.0215 -0.5343 -0.9070  0.0844 -0.5189 -0.3215 -0.8540  1.0000  0.9995
log_q      -0.0211 -0.0206 -0.4822  0.3229  0.1569 -0.1252 -0.0206 -0.5336 -0.9092  0.0891 -0.5190 -0.3229 -0.8547  0.9995  1.0000


AUTOCORRELATION OF SIMULATED VARIABLES
VARIABLE         1       2       3       4       5
log_z       0.9472  0.8959  0.8491  0.8038  0.7608
a           0.9473  0.8959  0.8492  0.8040  0.7611
k           0.9979  0.9922  0.9836  0.9723  0.9586
c           0.9360  0.8775  0.8254  0.7772  0.7328
r           0.9649  0.9296  0.8959  0.8625  0.8293
w           0.9807  0.9604  0.9399  0.9184  0.8966
z           0.9473  0.8959  0.8492  0.8040  0.7611
y           0.9685  0.9373  0.9080  0.8790  0.8504
inv         0.8846  0.7809  0.6914  0.6117  0.5395
phi         0.4004  0.1001  0.0000  0.0000  0.0000
s           0.9593  0.9185  0.8794  0.8402  0.8018
u_c         0.9360  0.8775  0.8254  0.7772  0.7328
h           0.8683  0.7516  0.6515  0.5625  0.4829
q           0.8960  0.8034  0.7225  0.6495  0.5838
log_q       0.8967  0.8040  0.7230  0.6499  0.5838



VARIANCE DECOMPOSITION SIMULATING ONE SHOCK AT A TIME (in percent)
                      e_z               e_q  Tot. lin. contr.
log_z              100.01              0.00            100.01
a                  100.01              0.00            100.01
k                   22.41             73.30             95.71
c                   34.23             61.45             95.68
r                   23.75             77.04            100.80
w                   58.75             35.53             94.28
z                  100.01              0.00            100.01
y                   59.45             36.18             95.63
inv                 14.08             85.59             99.67
phi                  0.00             89.93             89.93
s                   35.08             68.85            103.93
u_c                 34.23             61.45             95.68
h                   12.14             87.59             99.73
q                    0.00            100.01            100.01
log_q                0.00            100.01            100.01
Note: numbers do not add up to 100 due to i) non-zero correlation of simulated shocks in small samples and ii) nonlinearity

Total computing time : 0h00m02s
